============================= test session starts ==============================
platform linux -- Python 3.8.16, pytest-5.4.2, py-1.11.0, pluggy-0.13.1
rootdir: /home/siddhesh/Work/Projects/gandlf_personal/geeks_sid/GaNDLF
plugins: anyio-3.6.2, cov-2.12.1, mock-1.13.0
collected 46 items

testing/test_full.py .................................FFF.........F      [100%]

=================================== FAILURES ===================================
________________ test_train_inference_segmentation_histology_2d ________________

device = 'cpu'

    def test_train_inference_segmentation_histology_2d(device):
        print("34: Starting histology train/inference segmentation tests")
        # overwrite previous results
        sanitize_outputDir()
        output_dir_patches = os.path.join(outputDir, "histo_patches")
        if os.path.isdir(output_dir_patches):
            shutil.rmtree(output_dir_patches)
        Path(output_dir_patches).mkdir(parents=True, exist_ok=True)
        output_dir_patches_output = os.path.join(output_dir_patches, "histo_patches_output")
        Path(output_dir_patches_output).mkdir(parents=True, exist_ok=True)
        file_config_temp = get_temp_config_path()
    
        parameters_patch = {}
        # extracting minimal number of patches to ensure that the test does not take too long
        parameters_patch["num_patches"] = 10
        parameters_patch["read_type"] = "sequential"
        # define patches to be extracted in terms of microns
        parameters_patch["patch_size"] = ["1000m", "1000m"]
    
        with open(file_config_temp, "w") as file:
            yaml.dump(parameters_patch, file)
    
>       patch_extraction(
            inputDir + "/train_2d_histo_segmentation.csv",
            output_dir_patches_output,
            file_config_temp,
        )

testing/test_full.py:2113: 
_ _ _ _ _ _ _ _ _ _ _ _ _ _ _ _ _ _ _ _ _ _ _ _ _ _ _ _ _ _ _ _ _ _ _ _ _ _ _ _ 
GANDLF/cli/patch_extraction.py:63: in patch_extraction
    for sid, slide, label in parse_gandlf_csv(input_path):
GANDLF/cli/patch_extraction.py:21: in parse_gandlf_csv
    df, _ = parseTrainingCSV(fpath, train=False)
GANDLF/utils/write_parse.py:123: in parseTrainingCSV
    convert_relative_paths_in_dataframe(data_full, headers, inputTrainingCSVFile)
GANDLF/utils/write_parse.py:203: in convert_relative_paths_in_dataframe
    this_path = pathlib.Path(entry)
/home/siddhesh/miniconda3/envs/gandlf/lib/python3.8/pathlib.py:1042: in __new__
    self = cls._from_parts(args, init=False)
/home/siddhesh/miniconda3/envs/gandlf/lib/python3.8/pathlib.py:683: in _from_parts
    drv, root, parts = self._parse_args(args)
_ _ _ _ _ _ _ _ _ _ _ _ _ _ _ _ _ _ _ _ _ _ _ _ _ _ _ _ _ _ _ _ _ _ _ _ _ _ _ _ 

cls = <class 'pathlib.PosixPath'>, args = (nan,)

    @classmethod
    def _parse_args(cls, args):
        # This is useful when you don't want to create an instance, just
        # canonicalize some constructor arguments.
        parts = []
        for a in args:
            if isinstance(a, PurePath):
                parts += a._parts
            else:
>               a = os.fspath(a)
E               TypeError: expected str, bytes or os.PathLike object, not float

/home/siddhesh/miniconda3/envs/gandlf/lib/python3.8/pathlib.py:667: TypeError
----------------------------- Captured stdout call -----------------------------
34: Starting histology train/inference segmentation tests
02_1: Sanitizing outputDir
02_2: Creating path for temporary config file
____________ test_train_inference_classification_histology_large_2d ____________

device = 'cpu'

    def test_train_inference_classification_histology_large_2d(device):
        print(
            "35: Starting histology train/inference classification tests for large images to check exception handling"
        )
        # overwrite previous results
        sanitize_outputDir()
        output_dir_patches = os.path.join(outputDir, "histo_patches")
        if os.path.isdir(output_dir_patches):
            shutil.rmtree(output_dir_patches)
        Path(output_dir_patches).mkdir(parents=True, exist_ok=True)
        output_dir_patches_output = os.path.join(output_dir_patches, "histo_patches_output")
        Path(output_dir_patches_output).mkdir(parents=True, exist_ok=True)
        file_config_temp = get_temp_config_path()
    
        for sub in ["1", "2"]:
            file_to_check = os.path.join(
                inputDir, "2d_histo_segmentation", sub, "image_resize.tiff"
            )
            if os.path.exists(file_to_check):
                os.remove(file_to_check)
    
        parameters_patch = {}
        # extracting minimal number of patches to ensure that the test does not take too long
        parameters_patch["num_patches"] = 3
        parameters_patch["patch_size"] = [128, 128]
        parameters_patch["value_map"] = {0: 0, 255: 255}
    
        with open(file_config_temp, "w") as file:
            yaml.dump(parameters_patch, file)
    
>       patch_extraction(
            inputDir + "/train_2d_histo_classification.csv",
            output_dir_patches_output,
            file_config_temp,
        )

testing/test_full.py:2195: 
_ _ _ _ _ _ _ _ _ _ _ _ _ _ _ _ _ _ _ _ _ _ _ _ _ _ _ _ _ _ _ _ _ _ _ _ _ _ _ _ 
GANDLF/cli/patch_extraction.py:66: in patch_extraction
    manager.set_label_map(label)
GANDLF/data/patch_miner/opm/patch_manager.py:53: in set_label_map
    self.label_map_object = tiffslide.open_slide(self.label_map)
/home/siddhesh/miniconda3/envs/gandlf/lib/python3.8/site-packages/tiffslide/__init__.py:63: in open_slide
    return TiffSlide(filename)
/home/siddhesh/miniconda3/envs/gandlf/lib/python3.8/site-packages/tiffslide/tiffslide.py:118: in __init__
    self._tifffile = _prepare_tifffile(
/home/siddhesh/miniconda3/envs/gandlf/lib/python3.8/site-packages/tiffslide/tiffslide.py:589: in _prepare_tifffile
    return _cls(path, **tf_kw)
/home/siddhesh/miniconda3/envs/gandlf/lib/python3.8/site-packages/tifffile/tifffile.py:3781: in __init__
    fh = FileHandle(file, mode=mode, name=name, offset=offset, size=size)
/home/siddhesh/miniconda3/envs/gandlf/lib/python3.8/site-packages/tifffile/tifffile.py:13023: in __init__
    self.open()
_ _ _ _ _ _ _ _ _ _ _ _ _ _ _ _ _ _ _ _ _ _ _ _ _ _ _ _ _ _ _ _ _ _ _ _ _ _ _ _ 

self = <tifffile.FileHandle '1'>

    def open(self) -> None:
        """Open or re-open file."""
        if self._fh is not None:
            return  # file is open
    
        if isinstance(self._file, os.PathLike):
            self._file = os.fspath(self._file)
    
        if isinstance(self._file, str):
            # file name
            self._file = os.path.realpath(self._file)
            self._dir, self._name = os.path.split(self._file)
>           self._fh = open(self._file, self._mode)  # type: ignore
E           FileNotFoundError: [Errno 2] No such file or directory: '/home/siddhesh/Work/Projects/gandlf_personal/geeks_sid/GaNDLF/testing/data/1'

/home/siddhesh/miniconda3/envs/gandlf/lib/python3.8/site-packages/tifffile/tifffile.py:13038: FileNotFoundError
----------------------------- Captured stdout call -----------------------------
35: Starting histology train/inference classification tests for large images to check exception handling
02_1: Sanitizing outputDir
02_2: Creating path for temporary config file
_______________ test_train_inference_classification_histology_2d _______________

device = 'cpu'

    def test_train_inference_classification_histology_2d(device):
        print("36: Starting histology train/inference classification tests")
        # overwrite previous results
        sanitize_outputDir()
        output_dir_patches = os.path.join(outputDir, "histo_patches")
        if os.path.isdir(output_dir_patches):
            shutil.rmtree(output_dir_patches)
        Path(output_dir_patches).mkdir(parents=True, exist_ok=True)
        output_dir_patches_output = os.path.join(output_dir_patches, "histo_patches_output")
        file_config_temp = get_temp_config_path()
    
        parameters_patch = {}
        # extracting minimal number of patches to ensure that the test does not take too long
        parameters_patch["patch_size"] = [128, 128]
    
        for num_patches in [-1, 3]:
            parameters_patch["num_patches"] = num_patches
            with open(file_config_temp, "w") as file:
                yaml.dump(parameters_patch, file)
    
            if os.path.exists(output_dir_patches_output):
                shutil.rmtree(output_dir_patches_output)
            # this ensures that the output directory for num_patches=3 is preserved
            Path(output_dir_patches_output).mkdir(parents=True, exist_ok=True)
>           patch_extraction(
                inputDir + "/train_2d_histo_classification.csv",
                output_dir_patches_output,
                file_config_temp,
            )

testing/test_full.py:2368: 
_ _ _ _ _ _ _ _ _ _ _ _ _ _ _ _ _ _ _ _ _ _ _ _ _ _ _ _ _ _ _ _ _ _ _ _ _ _ _ _ 
GANDLF/cli/patch_extraction.py:66: in patch_extraction
    manager.set_label_map(label)
GANDLF/data/patch_miner/opm/patch_manager.py:53: in set_label_map
    self.label_map_object = tiffslide.open_slide(self.label_map)
/home/siddhesh/miniconda3/envs/gandlf/lib/python3.8/site-packages/tiffslide/__init__.py:63: in open_slide
    return TiffSlide(filename)
/home/siddhesh/miniconda3/envs/gandlf/lib/python3.8/site-packages/tiffslide/tiffslide.py:118: in __init__
    self._tifffile = _prepare_tifffile(
/home/siddhesh/miniconda3/envs/gandlf/lib/python3.8/site-packages/tiffslide/tiffslide.py:589: in _prepare_tifffile
    return _cls(path, **tf_kw)
/home/siddhesh/miniconda3/envs/gandlf/lib/python3.8/site-packages/tifffile/tifffile.py:3781: in __init__
    fh = FileHandle(file, mode=mode, name=name, offset=offset, size=size)
/home/siddhesh/miniconda3/envs/gandlf/lib/python3.8/site-packages/tifffile/tifffile.py:13023: in __init__
    self.open()
_ _ _ _ _ _ _ _ _ _ _ _ _ _ _ _ _ _ _ _ _ _ _ _ _ _ _ _ _ _ _ _ _ _ _ _ _ _ _ _ 

self = <tifffile.FileHandle '1'>

    def open(self) -> None:
        """Open or re-open file."""
        if self._fh is not None:
            return  # file is open
    
        if isinstance(self._file, os.PathLike):
            self._file = os.fspath(self._file)
    
        if isinstance(self._file, str):
            # file name
            self._file = os.path.realpath(self._file)
            self._dir, self._name = os.path.split(self._file)
>           self._fh = open(self._file, self._mode)  # type: ignore
E           FileNotFoundError: [Errno 2] No such file or directory: '/home/siddhesh/Work/Projects/gandlf_personal/geeks_sid/GaNDLF/testing/data/1'

/home/siddhesh/miniconda3/envs/gandlf/lib/python3.8/site-packages/tifffile/tifffile.py:13038: FileNotFoundError
----------------------------- Captured stdout call -----------------------------
36: Starting histology train/inference classification tests
02_1: Sanitizing outputDir
02_2: Creating path for temporary config file
__________________________ test_generic_deploy_docker __________________________

self = <docker.transport.unixconn.UnixHTTPConnectionPool object at 0x7f6b78e5a070>
method = 'GET', url = '/version', body = None
headers = {'User-Agent': 'docker-sdk-python/4.3.1', 'Accept-Encoding': 'gzip, deflate', 'Accept': '*/*', 'Connection': 'keep-alive'}
retries = Retry(total=0, connect=None, read=False, redirect=None, status=None)
redirect = False, assert_same_host = False
timeout = Timeout(connect=60, read=60, total=None), pool_timeout = None
release_conn = False, chunked = False, body_pos = None
response_kw = {'decode_content': False, 'preload_content': False}
parsed_url = Url(scheme=None, auth=None, host=None, port=None, path='/version', query=None, fragment=None)
destination_scheme = None, conn = None, release_this_conn = True
http_tunnel_required = False, err = None, clean_exit = False

    def urlopen(
        self,
        method,
        url,
        body=None,
        headers=None,
        retries=None,
        redirect=True,
        assert_same_host=True,
        timeout=_Default,
        pool_timeout=None,
        release_conn=None,
        chunked=False,
        body_pos=None,
        **response_kw
    ):
        """
        Get a connection from the pool and perform an HTTP request. This is the
        lowest level call for making a request, so you'll need to specify all
        the raw details.
    
        .. note::
    
           More commonly, it's appropriate to use a convenience method provided
           by :class:`.RequestMethods`, such as :meth:`request`.
    
        .. note::
    
           `release_conn` will only behave as expected if
           `preload_content=False` because we want to make
           `preload_content=False` the default behaviour someday soon without
           breaking backwards compatibility.
    
        :param method:
            HTTP request method (such as GET, POST, PUT, etc.)
    
        :param url:
            The URL to perform the request on.
    
        :param body:
            Data to send in the request body, either :class:`str`, :class:`bytes`,
            an iterable of :class:`str`/:class:`bytes`, or a file-like object.
    
        :param headers:
            Dictionary of custom headers to send, such as User-Agent,
            If-None-Match, etc. If None, pool headers are used. If provided,
            these headers completely replace any pool-specific headers.
    
        :param retries:
            Configure the number of retries to allow before raising a
            :class:`~urllib3.exceptions.MaxRetryError` exception.
    
            Pass ``None`` to retry until you receive a response. Pass a
            :class:`~urllib3.util.retry.Retry` object for fine-grained control
            over different types of retries.
            Pass an integer number to retry connection errors that many times,
            but no other types of errors. Pass zero to never retry.
    
            If ``False``, then retries are disabled and any exception is raised
            immediately. Also, instead of raising a MaxRetryError on redirects,
            the redirect response will be returned.
    
        :type retries: :class:`~urllib3.util.retry.Retry`, False, or an int.
    
        :param redirect:
            If True, automatically handle redirects (status codes 301, 302,
            303, 307, 308). Each redirect counts as a retry. Disabling retries
            will disable redirect, too.
    
        :param assert_same_host:
            If ``True``, will make sure that the host of the pool requests is
            consistent else will raise HostChangedError. When ``False``, you can
            use the pool on an HTTP proxy and request foreign hosts.
    
        :param timeout:
            If specified, overrides the default timeout for this one
            request. It may be a float (in seconds) or an instance of
            :class:`urllib3.util.Timeout`.
    
        :param pool_timeout:
            If set and the pool is set to block=True, then this method will
            block for ``pool_timeout`` seconds and raise EmptyPoolError if no
            connection is available within the time period.
    
        :param release_conn:
            If False, then the urlopen call will not release the connection
            back into the pool once a response is received (but will release if
            you read the entire contents of the response such as when
            `preload_content=True`). This is useful if you're not preloading
            the response's content immediately. You will need to call
            ``r.release_conn()`` on the response ``r`` to return the connection
            back into the pool. If None, it takes the value of
            ``response_kw.get('preload_content', True)``.
    
        :param chunked:
            If True, urllib3 will send the body using chunked transfer
            encoding. Otherwise, urllib3 will send the body using the standard
            content-length form. Defaults to False.
    
        :param int body_pos:
            Position to seek to in file-like body in the event of a retry or
            redirect. Typically this won't need to be set because urllib3 will
            auto-populate the value when needed.
    
        :param \\**response_kw:
            Additional parameters are passed to
            :meth:`urllib3.response.HTTPResponse.from_httplib`
        """
    
        parsed_url = parse_url(url)
        destination_scheme = parsed_url.scheme
    
        if headers is None:
            headers = self.headers
    
        if not isinstance(retries, Retry):
            retries = Retry.from_int(retries, redirect=redirect, default=self.retries)
    
        if release_conn is None:
            release_conn = response_kw.get("preload_content", True)
    
        # Check host
        if assert_same_host and not self.is_same_host(url):
            raise HostChangedError(self, url, retries)
    
        # Ensure that the URL we're connecting to is properly encoded
        if url.startswith("/"):
            url = six.ensure_str(_encode_target(url))
        else:
            url = six.ensure_str(parsed_url.url)
    
        conn = None
    
        # Track whether `conn` needs to be released before
        # returning/raising/recursing. Update this variable if necessary, and
        # leave `release_conn` constant throughout the function. That way, if
        # the function recurses, the original value of `release_conn` will be
        # passed down into the recursive call, and its value will be respected.
        #
        # See issue #651 [1] for details.
        #
        # [1] <https://github.com/urllib3/urllib3/issues/651>
        release_this_conn = release_conn
    
        http_tunnel_required = connection_requires_http_tunnel(
            self.proxy, self.proxy_config, destination_scheme
        )
    
        # Merge the proxy headers. Only done when not using HTTP CONNECT. We
        # have to copy the headers dict so we can safely change it without those
        # changes being reflected in anyone else's copy.
        if not http_tunnel_required:
            headers = headers.copy()
            headers.update(self.proxy_headers)
    
        # Must keep the exception bound to a separate variable or else Python 3
        # complains about UnboundLocalError.
        err = None
    
        # Keep track of whether we cleanly exited the except block. This
        # ensures we do proper cleanup in finally.
        clean_exit = False
    
        # Rewind body position, if needed. Record current position
        # for future rewinds in the event of a redirect/retry.
        body_pos = set_file_position(body, body_pos)
    
        try:
            # Request a connection from the queue.
            timeout_obj = self._get_timeout(timeout)
            conn = self._get_conn(timeout=pool_timeout)
    
            conn.timeout = timeout_obj.connect_timeout
    
            is_new_proxy_conn = self.proxy is not None and not getattr(
                conn, "sock", None
            )
            if is_new_proxy_conn and http_tunnel_required:
                self._prepare_proxy(conn)
    
            # Make the request on the httplib connection object.
>           httplib_response = self._make_request(
                conn,
                method,
                url,
                timeout=timeout_obj,
                body=body,
                headers=headers,
                chunked=chunked,
            )

/home/siddhesh/miniconda3/envs/gandlf/lib/python3.8/site-packages/urllib3/connectionpool.py:703: 
_ _ _ _ _ _ _ _ _ _ _ _ _ _ _ _ _ _ _ _ _ _ _ _ _ _ _ _ _ _ _ _ _ _ _ _ _ _ _ _ 

self = <docker.transport.unixconn.UnixHTTPConnectionPool object at 0x7f6b78e5a070>
conn = <docker.transport.unixconn.UnixHTTPConnection object at 0x7f6b78df4160>
method = 'GET', url = '/version'
timeout = Timeout(connect=60, read=60, total=None), chunked = False
httplib_request_kw = {'body': None, 'headers': {'User-Agent': 'docker-sdk-python/4.3.1', 'Accept-Encoding': 'gzip, deflate', 'Accept': '*/*', 'Connection': 'keep-alive'}}
timeout_obj = Timeout(connect=60, read=60, total=None)

    def _make_request(
        self, conn, method, url, timeout=_Default, chunked=False, **httplib_request_kw
    ):
        """
        Perform a request on a given urllib connection object taken from our
        pool.
    
        :param conn:
            a connection from one of our connection pools
    
        :param timeout:
            Socket timeout in seconds for the request. This can be a
            float or integer, which will set the same timeout value for
            the socket connect and the socket read, or an instance of
            :class:`urllib3.util.Timeout`, which gives you more fine-grained
            control over your timeouts.
        """
        self.num_requests += 1
    
        timeout_obj = self._get_timeout(timeout)
        timeout_obj.start_connect()
        conn.timeout = timeout_obj.connect_timeout
    
        # Trigger any extra validation we need to do.
        try:
            self._validate_conn(conn)
        except (SocketTimeout, BaseSSLError) as e:
            # Py2 raises this as a BaseSSLError, Py3 raises it as socket timeout.
            self._raise_timeout(err=e, url=url, timeout_value=conn.timeout)
            raise
    
        # conn.request() calls http.client.*.request, not the method in
        # urllib3.request. It also calls makefile (recv) on the socket.
        try:
            if chunked:
                conn.request_chunked(method, url, **httplib_request_kw)
            else:
>               conn.request(method, url, **httplib_request_kw)

/home/siddhesh/miniconda3/envs/gandlf/lib/python3.8/site-packages/urllib3/connectionpool.py:398: 
_ _ _ _ _ _ _ _ _ _ _ _ _ _ _ _ _ _ _ _ _ _ _ _ _ _ _ _ _ _ _ _ _ _ _ _ _ _ _ _ 

self = <docker.transport.unixconn.UnixHTTPConnection object at 0x7f6b78df4160>
method = 'GET', url = '/version', body = None
headers = {'User-Agent': 'docker-sdk-python/4.3.1', 'Accept-Encoding': 'gzip, deflate', 'Accept': '*/*', 'Connection': 'keep-alive'}

    def request(self, method, url, body=None, headers={}, *,
                encode_chunked=False):
        """Send a complete request to the server."""
>       self._send_request(method, url, body, headers, encode_chunked)

/home/siddhesh/miniconda3/envs/gandlf/lib/python3.8/http/client.py:1256: 
_ _ _ _ _ _ _ _ _ _ _ _ _ _ _ _ _ _ _ _ _ _ _ _ _ _ _ _ _ _ _ _ _ _ _ _ _ _ _ _ 

self = <docker.transport.unixconn.UnixHTTPConnection object at 0x7f6b78df4160>
method = 'GET', url = '/version', body = None
headers = {'User-Agent': 'docker-sdk-python/4.3.1', 'Accept-Encoding': 'gzip, deflate', 'Accept': '*/*', 'Connection': 'keep-alive'}
encode_chunked = False

    def _send_request(self, method, url, body, headers, encode_chunked):
        # Honor explicitly requested Host: and Accept-Encoding: headers.
        header_names = frozenset(k.lower() for k in headers)
        skips = {}
        if 'host' in header_names:
            skips['skip_host'] = 1
        if 'accept-encoding' in header_names:
            skips['skip_accept_encoding'] = 1
    
        self.putrequest(method, url, **skips)
    
        # chunked encoding will happen if HTTP/1.1 is used and either
        # the caller passes encode_chunked=True or the following
        # conditions hold:
        # 1. content-length has not been explicitly set
        # 2. the body is a file or iterable, but not a str or bytes-like
        # 3. Transfer-Encoding has NOT been explicitly set by the caller
    
        if 'content-length' not in header_names:
            # only chunk body if not explicitly set for backwards
            # compatibility, assuming the client code is already handling the
            # chunking
            if 'transfer-encoding' not in header_names:
                # if content-length cannot be automatically determined, fall
                # back to chunked encoding
                encode_chunked = False
                content_length = self._get_content_length(body, method)
                if content_length is None:
                    if body is not None:
                        if self.debuglevel > 0:
                            print('Unable to determine size of %r' % body)
                        encode_chunked = True
                        self.putheader('Transfer-Encoding', 'chunked')
                else:
                    self.putheader('Content-Length', str(content_length))
        else:
            encode_chunked = False
    
        for hdr, value in headers.items():
            self.putheader(hdr, value)
        if isinstance(body, str):
            # RFC 2616 Section 3.7.1 says that text default has a
            # default charset of iso-8859-1.
            body = _encode(body, 'body')
>       self.endheaders(body, encode_chunked=encode_chunked)

/home/siddhesh/miniconda3/envs/gandlf/lib/python3.8/http/client.py:1302: 
_ _ _ _ _ _ _ _ _ _ _ _ _ _ _ _ _ _ _ _ _ _ _ _ _ _ _ _ _ _ _ _ _ _ _ _ _ _ _ _ 

self = <docker.transport.unixconn.UnixHTTPConnection object at 0x7f6b78df4160>
message_body = None

    def endheaders(self, message_body=None, *, encode_chunked=False):
        """Indicate that the last header line has been sent to the server.
    
        This method sends the request to the server.  The optional message_body
        argument can be used to pass a message body associated with the
        request.
        """
        if self.__state == _CS_REQ_STARTED:
            self.__state = _CS_REQ_SENT
        else:
            raise CannotSendHeader()
>       self._send_output(message_body, encode_chunked=encode_chunked)

/home/siddhesh/miniconda3/envs/gandlf/lib/python3.8/http/client.py:1251: 
_ _ _ _ _ _ _ _ _ _ _ _ _ _ _ _ _ _ _ _ _ _ _ _ _ _ _ _ _ _ _ _ _ _ _ _ _ _ _ _ 

self = <docker.transport.unixconn.UnixHTTPConnection object at 0x7f6b78df4160>
message_body = None, encode_chunked = False

    def _send_output(self, message_body=None, encode_chunked=False):
        """Send the currently buffered request and clear the buffer.
    
        Appends an extra \\r\\n to the buffer.
        A message_body may be specified, to be appended to the request.
        """
        self._buffer.extend((b"", b""))
        msg = b"\r\n".join(self._buffer)
        del self._buffer[:]
>       self.send(msg)

/home/siddhesh/miniconda3/envs/gandlf/lib/python3.8/http/client.py:1011: 
_ _ _ _ _ _ _ _ _ _ _ _ _ _ _ _ _ _ _ _ _ _ _ _ _ _ _ _ _ _ _ _ _ _ _ _ _ _ _ _ 

self = <docker.transport.unixconn.UnixHTTPConnection object at 0x7f6b78df4160>
data = b'GET /version HTTP/1.1\r\nHost: localhost\r\nUser-Agent: docker-sdk-python/4.3.1\r\nAccept-Encoding: gzip, deflate\r\nAccept: */*\r\nConnection: keep-alive\r\n\r\n'

    def send(self, data):
        """Send `data' to the server.
        ``data`` can be a string object, a bytes object, an array object, a
        file-like object that supports a .read() method, or an iterable object.
        """
    
        if self.sock is None:
            if self.auto_open:
>               self.connect()

/home/siddhesh/miniconda3/envs/gandlf/lib/python3.8/http/client.py:951: 
_ _ _ _ _ _ _ _ _ _ _ _ _ _ _ _ _ _ _ _ _ _ _ _ _ _ _ _ _ _ _ _ _ _ _ _ _ _ _ _ 

self = <docker.transport.unixconn.UnixHTTPConnection object at 0x7f6b78df4160>

    def connect(self):
        sock = socket.socket(socket.AF_UNIX, socket.SOCK_STREAM)
        sock.settimeout(self.timeout)
>       sock.connect(self.unix_socket)
E       FileNotFoundError: [Errno 2] No such file or directory

/home/siddhesh/miniconda3/envs/gandlf/lib/python3.8/site-packages/docker/transport/unixconn.py:43: FileNotFoundError

During handling of the above exception, another exception occurred:

self = <docker.transport.unixconn.UnixHTTPAdapter object at 0x7f6b622af9a0>
request = <PreparedRequest [GET]>, stream = False
timeout = Timeout(connect=60, read=60, total=None), verify = True, cert = None
proxies = OrderedDict()

    def send(
        self, request, stream=False, timeout=None, verify=True, cert=None, proxies=None
    ):
        """Sends PreparedRequest object. Returns Response object.
    
        :param request: The :class:`PreparedRequest <PreparedRequest>` being sent.
        :param stream: (optional) Whether to stream the request content.
        :param timeout: (optional) How long to wait for the server to send
            data before giving up, as a float, or a :ref:`(connect timeout,
            read timeout) <timeouts>` tuple.
        :type timeout: float or tuple or urllib3 Timeout object
        :param verify: (optional) Either a boolean, in which case it controls whether
            we verify the server's TLS certificate, or a string, in which case it
            must be a path to a CA bundle to use
        :param cert: (optional) Any user-provided SSL certificate to be trusted.
        :param proxies: (optional) The proxies dictionary to apply to the request.
        :rtype: requests.Response
        """
    
        try:
            conn = self.get_connection(request.url, proxies)
        except LocationValueError as e:
            raise InvalidURL(e, request=request)
    
        self.cert_verify(conn, request.url, verify, cert)
        url = self.request_url(request, proxies)
        self.add_headers(
            request,
            stream=stream,
            timeout=timeout,
            verify=verify,
            cert=cert,
            proxies=proxies,
        )
    
        chunked = not (request.body is None or "Content-Length" in request.headers)
    
        if isinstance(timeout, tuple):
            try:
                connect, read = timeout
                timeout = TimeoutSauce(connect=connect, read=read)
            except ValueError:
                raise ValueError(
                    f"Invalid timeout {timeout}. Pass a (connect, read) timeout tuple, "
                    f"or a single float to set both timeouts to the same value."
                )
        elif isinstance(timeout, TimeoutSauce):
            pass
        else:
            timeout = TimeoutSauce(connect=timeout, read=timeout)
    
        try:
            if not chunked:
>               resp = conn.urlopen(
                    method=request.method,
                    url=url,
                    body=request.body,
                    headers=request.headers,
                    redirect=False,
                    assert_same_host=False,
                    preload_content=False,
                    decode_content=False,
                    retries=self.max_retries,
                    timeout=timeout,
                )

/home/siddhesh/miniconda3/envs/gandlf/lib/python3.8/site-packages/requests/adapters.py:489: 
_ _ _ _ _ _ _ _ _ _ _ _ _ _ _ _ _ _ _ _ _ _ _ _ _ _ _ _ _ _ _ _ _ _ _ _ _ _ _ _ 

self = <docker.transport.unixconn.UnixHTTPConnectionPool object at 0x7f6b78e5a070>
method = 'GET', url = '/version', body = None
headers = {'User-Agent': 'docker-sdk-python/4.3.1', 'Accept-Encoding': 'gzip, deflate', 'Accept': '*/*', 'Connection': 'keep-alive'}
retries = Retry(total=0, connect=None, read=False, redirect=None, status=None)
redirect = False, assert_same_host = False
timeout = Timeout(connect=60, read=60, total=None), pool_timeout = None
release_conn = False, chunked = False, body_pos = None
response_kw = {'decode_content': False, 'preload_content': False}
parsed_url = Url(scheme=None, auth=None, host=None, port=None, path='/version', query=None, fragment=None)
destination_scheme = None, conn = None, release_this_conn = True
http_tunnel_required = False, err = None, clean_exit = False

    def urlopen(
        self,
        method,
        url,
        body=None,
        headers=None,
        retries=None,
        redirect=True,
        assert_same_host=True,
        timeout=_Default,
        pool_timeout=None,
        release_conn=None,
        chunked=False,
        body_pos=None,
        **response_kw
    ):
        """
        Get a connection from the pool and perform an HTTP request. This is the
        lowest level call for making a request, so you'll need to specify all
        the raw details.
    
        .. note::
    
           More commonly, it's appropriate to use a convenience method provided
           by :class:`.RequestMethods`, such as :meth:`request`.
    
        .. note::
    
           `release_conn` will only behave as expected if
           `preload_content=False` because we want to make
           `preload_content=False` the default behaviour someday soon without
           breaking backwards compatibility.
    
        :param method:
            HTTP request method (such as GET, POST, PUT, etc.)
    
        :param url:
            The URL to perform the request on.
    
        :param body:
            Data to send in the request body, either :class:`str`, :class:`bytes`,
            an iterable of :class:`str`/:class:`bytes`, or a file-like object.
    
        :param headers:
            Dictionary of custom headers to send, such as User-Agent,
            If-None-Match, etc. If None, pool headers are used. If provided,
            these headers completely replace any pool-specific headers.
    
        :param retries:
            Configure the number of retries to allow before raising a
            :class:`~urllib3.exceptions.MaxRetryError` exception.
    
            Pass ``None`` to retry until you receive a response. Pass a
            :class:`~urllib3.util.retry.Retry` object for fine-grained control
            over different types of retries.
            Pass an integer number to retry connection errors that many times,
            but no other types of errors. Pass zero to never retry.
    
            If ``False``, then retries are disabled and any exception is raised
            immediately. Also, instead of raising a MaxRetryError on redirects,
            the redirect response will be returned.
    
        :type retries: :class:`~urllib3.util.retry.Retry`, False, or an int.
    
        :param redirect:
            If True, automatically handle redirects (status codes 301, 302,
            303, 307, 308). Each redirect counts as a retry. Disabling retries
            will disable redirect, too.
    
        :param assert_same_host:
            If ``True``, will make sure that the host of the pool requests is
            consistent else will raise HostChangedError. When ``False``, you can
            use the pool on an HTTP proxy and request foreign hosts.
    
        :param timeout:
            If specified, overrides the default timeout for this one
            request. It may be a float (in seconds) or an instance of
            :class:`urllib3.util.Timeout`.
    
        :param pool_timeout:
            If set and the pool is set to block=True, then this method will
            block for ``pool_timeout`` seconds and raise EmptyPoolError if no
            connection is available within the time period.
    
        :param release_conn:
            If False, then the urlopen call will not release the connection
            back into the pool once a response is received (but will release if
            you read the entire contents of the response such as when
            `preload_content=True`). This is useful if you're not preloading
            the response's content immediately. You will need to call
            ``r.release_conn()`` on the response ``r`` to return the connection
            back into the pool. If None, it takes the value of
            ``response_kw.get('preload_content', True)``.
    
        :param chunked:
            If True, urllib3 will send the body using chunked transfer
            encoding. Otherwise, urllib3 will send the body using the standard
            content-length form. Defaults to False.
    
        :param int body_pos:
            Position to seek to in file-like body in the event of a retry or
            redirect. Typically this won't need to be set because urllib3 will
            auto-populate the value when needed.
    
        :param \\**response_kw:
            Additional parameters are passed to
            :meth:`urllib3.response.HTTPResponse.from_httplib`
        """
    
        parsed_url = parse_url(url)
        destination_scheme = parsed_url.scheme
    
        if headers is None:
            headers = self.headers
    
        if not isinstance(retries, Retry):
            retries = Retry.from_int(retries, redirect=redirect, default=self.retries)
    
        if release_conn is None:
            release_conn = response_kw.get("preload_content", True)
    
        # Check host
        if assert_same_host and not self.is_same_host(url):
            raise HostChangedError(self, url, retries)
    
        # Ensure that the URL we're connecting to is properly encoded
        if url.startswith("/"):
            url = six.ensure_str(_encode_target(url))
        else:
            url = six.ensure_str(parsed_url.url)
    
        conn = None
    
        # Track whether `conn` needs to be released before
        # returning/raising/recursing. Update this variable if necessary, and
        # leave `release_conn` constant throughout the function. That way, if
        # the function recurses, the original value of `release_conn` will be
        # passed down into the recursive call, and its value will be respected.
        #
        # See issue #651 [1] for details.
        #
        # [1] <https://github.com/urllib3/urllib3/issues/651>
        release_this_conn = release_conn
    
        http_tunnel_required = connection_requires_http_tunnel(
            self.proxy, self.proxy_config, destination_scheme
        )
    
        # Merge the proxy headers. Only done when not using HTTP CONNECT. We
        # have to copy the headers dict so we can safely change it without those
        # changes being reflected in anyone else's copy.
        if not http_tunnel_required:
            headers = headers.copy()
            headers.update(self.proxy_headers)
    
        # Must keep the exception bound to a separate variable or else Python 3
        # complains about UnboundLocalError.
        err = None
    
        # Keep track of whether we cleanly exited the except block. This
        # ensures we do proper cleanup in finally.
        clean_exit = False
    
        # Rewind body position, if needed. Record current position
        # for future rewinds in the event of a redirect/retry.
        body_pos = set_file_position(body, body_pos)
    
        try:
            # Request a connection from the queue.
            timeout_obj = self._get_timeout(timeout)
            conn = self._get_conn(timeout=pool_timeout)
    
            conn.timeout = timeout_obj.connect_timeout
    
            is_new_proxy_conn = self.proxy is not None and not getattr(
                conn, "sock", None
            )
            if is_new_proxy_conn and http_tunnel_required:
                self._prepare_proxy(conn)
    
            # Make the request on the httplib connection object.
            httplib_response = self._make_request(
                conn,
                method,
                url,
                timeout=timeout_obj,
                body=body,
                headers=headers,
                chunked=chunked,
            )
    
            # If we're going to release the connection in ``finally:``, then
            # the response doesn't need to know about the connection. Otherwise
            # it will also try to release it and we'll have a double-release
            # mess.
            response_conn = conn if not release_conn else None
    
            # Pass method to Response for length checking
            response_kw["request_method"] = method
    
            # Import httplib's response into our own wrapper object
            response = self.ResponseCls.from_httplib(
                httplib_response,
                pool=self,
                connection=response_conn,
                retries=retries,
                **response_kw
            )
    
            # Everything went great!
            clean_exit = True
    
        except EmptyPoolError:
            # Didn't get a connection from the pool, no need to clean up
            clean_exit = True
            release_this_conn = False
            raise
    
        except (
            TimeoutError,
            HTTPException,
            SocketError,
            ProtocolError,
            BaseSSLError,
            SSLError,
            CertificateError,
        ) as e:
            # Discard the connection for these exceptions. It will be
            # replaced during the next _get_conn() call.
            clean_exit = False
    
            def _is_ssl_error_message_from_http_proxy(ssl_error):
                # We're trying to detect the message 'WRONG_VERSION_NUMBER' but
                # SSLErrors are kinda all over the place when it comes to the message,
                # so we try to cover our bases here!
                message = " ".join(re.split("[^a-z]", str(ssl_error).lower()))
                return (
                    "wrong version number" in message or "unknown protocol" in message
                )
    
            # Try to detect a common user error with proxies which is to
            # set an HTTP proxy to be HTTPS when it should be 'http://'
            # (ie {'http': 'http://proxy', 'https': 'https://proxy'})
            # Instead we add a nice error message and point to a URL.
            if (
                isinstance(e, BaseSSLError)
                and self.proxy
                and _is_ssl_error_message_from_http_proxy(e)
                and conn.proxy
                and conn.proxy.scheme == "https"
            ):
                e = ProxyError(
                    "Your proxy appears to only use HTTP and not HTTPS, "
                    "try changing your proxy URL to be HTTP. See: "
                    "https://urllib3.readthedocs.io/en/1.26.x/advanced-usage.html"
                    "#https-proxy-error-http-proxy",
                    SSLError(e),
                )
            elif isinstance(e, (BaseSSLError, CertificateError)):
                e = SSLError(e)
            elif isinstance(e, (SocketError, NewConnectionError)) and self.proxy:
                e = ProxyError("Cannot connect to proxy.", e)
            elif isinstance(e, (SocketError, HTTPException)):
                e = ProtocolError("Connection aborted.", e)
    
>           retries = retries.increment(
                method, url, error=e, _pool=self, _stacktrace=sys.exc_info()[2]
            )

/home/siddhesh/miniconda3/envs/gandlf/lib/python3.8/site-packages/urllib3/connectionpool.py:787: 
_ _ _ _ _ _ _ _ _ _ _ _ _ _ _ _ _ _ _ _ _ _ _ _ _ _ _ _ _ _ _ _ _ _ _ _ _ _ _ _ 

self = Retry(total=0, connect=None, read=False, redirect=None, status=None)
method = 'GET', url = '/version', response = None
error = ProtocolError('Connection aborted.', FileNotFoundError(2, 'No such file or directory'))
_pool = <docker.transport.unixconn.UnixHTTPConnectionPool object at 0x7f6b78e5a070>
_stacktrace = <traceback object at 0x7f6cc3648cc0>

    def increment(
        self,
        method=None,
        url=None,
        response=None,
        error=None,
        _pool=None,
        _stacktrace=None,
    ):
        """Return a new Retry object with incremented retry counters.
    
        :param response: A response object, or None, if the server did not
            return a response.
        :type response: :class:`~urllib3.response.HTTPResponse`
        :param Exception error: An error encountered during the request, or
            None if the response was received successfully.
    
        :return: A new ``Retry`` object.
        """
        if self.total is False and error:
            # Disabled, indicate to re-raise the error.
            raise six.reraise(type(error), error, _stacktrace)
    
        total = self.total
        if total is not None:
            total -= 1
    
        connect = self.connect
        read = self.read
        redirect = self.redirect
        status_count = self.status
        other = self.other
        cause = "unknown"
        status = None
        redirect_location = None
    
        if error and self._is_connection_error(error):
            # Connect retry?
            if connect is False:
                raise six.reraise(type(error), error, _stacktrace)
            elif connect is not None:
                connect -= 1
    
        elif error and self._is_read_error(error):
            # Read retry?
            if read is False or not self._is_method_retryable(method):
>               raise six.reraise(type(error), error, _stacktrace)

/home/siddhesh/miniconda3/envs/gandlf/lib/python3.8/site-packages/urllib3/util/retry.py:550: 
_ _ _ _ _ _ _ _ _ _ _ _ _ _ _ _ _ _ _ _ _ _ _ _ _ _ _ _ _ _ _ _ _ _ _ _ _ _ _ _ 

tp = <class 'urllib3.exceptions.ProtocolError'>, value = None, tb = None

    def reraise(tp, value, tb=None):
        try:
            if value is None:
                value = tp()
            if value.__traceback__ is not tb:
>               raise value.with_traceback(tb)

/home/siddhesh/miniconda3/envs/gandlf/lib/python3.8/site-packages/urllib3/packages/six.py:769: 
_ _ _ _ _ _ _ _ _ _ _ _ _ _ _ _ _ _ _ _ _ _ _ _ _ _ _ _ _ _ _ _ _ _ _ _ _ _ _ _ 

self = <docker.transport.unixconn.UnixHTTPConnectionPool object at 0x7f6b78e5a070>
method = 'GET', url = '/version', body = None
headers = {'User-Agent': 'docker-sdk-python/4.3.1', 'Accept-Encoding': 'gzip, deflate', 'Accept': '*/*', 'Connection': 'keep-alive'}
retries = Retry(total=0, connect=None, read=False, redirect=None, status=None)
redirect = False, assert_same_host = False
timeout = Timeout(connect=60, read=60, total=None), pool_timeout = None
release_conn = False, chunked = False, body_pos = None
response_kw = {'decode_content': False, 'preload_content': False}
parsed_url = Url(scheme=None, auth=None, host=None, port=None, path='/version', query=None, fragment=None)
destination_scheme = None, conn = None, release_this_conn = True
http_tunnel_required = False, err = None, clean_exit = False

    def urlopen(
        self,
        method,
        url,
        body=None,
        headers=None,
        retries=None,
        redirect=True,
        assert_same_host=True,
        timeout=_Default,
        pool_timeout=None,
        release_conn=None,
        chunked=False,
        body_pos=None,
        **response_kw
    ):
        """
        Get a connection from the pool and perform an HTTP request. This is the
        lowest level call for making a request, so you'll need to specify all
        the raw details.
    
        .. note::
    
           More commonly, it's appropriate to use a convenience method provided
           by :class:`.RequestMethods`, such as :meth:`request`.
    
        .. note::
    
           `release_conn` will only behave as expected if
           `preload_content=False` because we want to make
           `preload_content=False` the default behaviour someday soon without
           breaking backwards compatibility.
    
        :param method:
            HTTP request method (such as GET, POST, PUT, etc.)
    
        :param url:
            The URL to perform the request on.
    
        :param body:
            Data to send in the request body, either :class:`str`, :class:`bytes`,
            an iterable of :class:`str`/:class:`bytes`, or a file-like object.
    
        :param headers:
            Dictionary of custom headers to send, such as User-Agent,
            If-None-Match, etc. If None, pool headers are used. If provided,
            these headers completely replace any pool-specific headers.
    
        :param retries:
            Configure the number of retries to allow before raising a
            :class:`~urllib3.exceptions.MaxRetryError` exception.
    
            Pass ``None`` to retry until you receive a response. Pass a
            :class:`~urllib3.util.retry.Retry` object for fine-grained control
            over different types of retries.
            Pass an integer number to retry connection errors that many times,
            but no other types of errors. Pass zero to never retry.
    
            If ``False``, then retries are disabled and any exception is raised
            immediately. Also, instead of raising a MaxRetryError on redirects,
            the redirect response will be returned.
    
        :type retries: :class:`~urllib3.util.retry.Retry`, False, or an int.
    
        :param redirect:
            If True, automatically handle redirects (status codes 301, 302,
            303, 307, 308). Each redirect counts as a retry. Disabling retries
            will disable redirect, too.
    
        :param assert_same_host:
            If ``True``, will make sure that the host of the pool requests is
            consistent else will raise HostChangedError. When ``False``, you can
            use the pool on an HTTP proxy and request foreign hosts.
    
        :param timeout:
            If specified, overrides the default timeout for this one
            request. It may be a float (in seconds) or an instance of
            :class:`urllib3.util.Timeout`.
    
        :param pool_timeout:
            If set and the pool is set to block=True, then this method will
            block for ``pool_timeout`` seconds and raise EmptyPoolError if no
            connection is available within the time period.
    
        :param release_conn:
            If False, then the urlopen call will not release the connection
            back into the pool once a response is received (but will release if
            you read the entire contents of the response such as when
            `preload_content=True`). This is useful if you're not preloading
            the response's content immediately. You will need to call
            ``r.release_conn()`` on the response ``r`` to return the connection
            back into the pool. If None, it takes the value of
            ``response_kw.get('preload_content', True)``.
    
        :param chunked:
            If True, urllib3 will send the body using chunked transfer
            encoding. Otherwise, urllib3 will send the body using the standard
            content-length form. Defaults to False.
    
        :param int body_pos:
            Position to seek to in file-like body in the event of a retry or
            redirect. Typically this won't need to be set because urllib3 will
            auto-populate the value when needed.
    
        :param \\**response_kw:
            Additional parameters are passed to
            :meth:`urllib3.response.HTTPResponse.from_httplib`
        """
    
        parsed_url = parse_url(url)
        destination_scheme = parsed_url.scheme
    
        if headers is None:
            headers = self.headers
    
        if not isinstance(retries, Retry):
            retries = Retry.from_int(retries, redirect=redirect, default=self.retries)
    
        if release_conn is None:
            release_conn = response_kw.get("preload_content", True)
    
        # Check host
        if assert_same_host and not self.is_same_host(url):
            raise HostChangedError(self, url, retries)
    
        # Ensure that the URL we're connecting to is properly encoded
        if url.startswith("/"):
            url = six.ensure_str(_encode_target(url))
        else:
            url = six.ensure_str(parsed_url.url)
    
        conn = None
    
        # Track whether `conn` needs to be released before
        # returning/raising/recursing. Update this variable if necessary, and
        # leave `release_conn` constant throughout the function. That way, if
        # the function recurses, the original value of `release_conn` will be
        # passed down into the recursive call, and its value will be respected.
        #
        # See issue #651 [1] for details.
        #
        # [1] <https://github.com/urllib3/urllib3/issues/651>
        release_this_conn = release_conn
    
        http_tunnel_required = connection_requires_http_tunnel(
            self.proxy, self.proxy_config, destination_scheme
        )
    
        # Merge the proxy headers. Only done when not using HTTP CONNECT. We
        # have to copy the headers dict so we can safely change it without those
        # changes being reflected in anyone else's copy.
        if not http_tunnel_required:
            headers = headers.copy()
            headers.update(self.proxy_headers)
    
        # Must keep the exception bound to a separate variable or else Python 3
        # complains about UnboundLocalError.
        err = None
    
        # Keep track of whether we cleanly exited the except block. This
        # ensures we do proper cleanup in finally.
        clean_exit = False
    
        # Rewind body position, if needed. Record current position
        # for future rewinds in the event of a redirect/retry.
        body_pos = set_file_position(body, body_pos)
    
        try:
            # Request a connection from the queue.
            timeout_obj = self._get_timeout(timeout)
            conn = self._get_conn(timeout=pool_timeout)
    
            conn.timeout = timeout_obj.connect_timeout
    
            is_new_proxy_conn = self.proxy is not None and not getattr(
                conn, "sock", None
            )
            if is_new_proxy_conn and http_tunnel_required:
                self._prepare_proxy(conn)
    
            # Make the request on the httplib connection object.
>           httplib_response = self._make_request(
                conn,
                method,
                url,
                timeout=timeout_obj,
                body=body,
                headers=headers,
                chunked=chunked,
            )

/home/siddhesh/miniconda3/envs/gandlf/lib/python3.8/site-packages/urllib3/connectionpool.py:703: 
_ _ _ _ _ _ _ _ _ _ _ _ _ _ _ _ _ _ _ _ _ _ _ _ _ _ _ _ _ _ _ _ _ _ _ _ _ _ _ _ 

self = <docker.transport.unixconn.UnixHTTPConnectionPool object at 0x7f6b78e5a070>
conn = <docker.transport.unixconn.UnixHTTPConnection object at 0x7f6b78df4160>
method = 'GET', url = '/version'
timeout = Timeout(connect=60, read=60, total=None), chunked = False
httplib_request_kw = {'body': None, 'headers': {'User-Agent': 'docker-sdk-python/4.3.1', 'Accept-Encoding': 'gzip, deflate', 'Accept': '*/*', 'Connection': 'keep-alive'}}
timeout_obj = Timeout(connect=60, read=60, total=None)

    def _make_request(
        self, conn, method, url, timeout=_Default, chunked=False, **httplib_request_kw
    ):
        """
        Perform a request on a given urllib connection object taken from our
        pool.
    
        :param conn:
            a connection from one of our connection pools
    
        :param timeout:
            Socket timeout in seconds for the request. This can be a
            float or integer, which will set the same timeout value for
            the socket connect and the socket read, or an instance of
            :class:`urllib3.util.Timeout`, which gives you more fine-grained
            control over your timeouts.
        """
        self.num_requests += 1
    
        timeout_obj = self._get_timeout(timeout)
        timeout_obj.start_connect()
        conn.timeout = timeout_obj.connect_timeout
    
        # Trigger any extra validation we need to do.
        try:
            self._validate_conn(conn)
        except (SocketTimeout, BaseSSLError) as e:
            # Py2 raises this as a BaseSSLError, Py3 raises it as socket timeout.
            self._raise_timeout(err=e, url=url, timeout_value=conn.timeout)
            raise
    
        # conn.request() calls http.client.*.request, not the method in
        # urllib3.request. It also calls makefile (recv) on the socket.
        try:
            if chunked:
                conn.request_chunked(method, url, **httplib_request_kw)
            else:
>               conn.request(method, url, **httplib_request_kw)

/home/siddhesh/miniconda3/envs/gandlf/lib/python3.8/site-packages/urllib3/connectionpool.py:398: 
_ _ _ _ _ _ _ _ _ _ _ _ _ _ _ _ _ _ _ _ _ _ _ _ _ _ _ _ _ _ _ _ _ _ _ _ _ _ _ _ 

self = <docker.transport.unixconn.UnixHTTPConnection object at 0x7f6b78df4160>
method = 'GET', url = '/version', body = None
headers = {'User-Agent': 'docker-sdk-python/4.3.1', 'Accept-Encoding': 'gzip, deflate', 'Accept': '*/*', 'Connection': 'keep-alive'}

    def request(self, method, url, body=None, headers={}, *,
                encode_chunked=False):
        """Send a complete request to the server."""
>       self._send_request(method, url, body, headers, encode_chunked)

/home/siddhesh/miniconda3/envs/gandlf/lib/python3.8/http/client.py:1256: 
_ _ _ _ _ _ _ _ _ _ _ _ _ _ _ _ _ _ _ _ _ _ _ _ _ _ _ _ _ _ _ _ _ _ _ _ _ _ _ _ 

self = <docker.transport.unixconn.UnixHTTPConnection object at 0x7f6b78df4160>
method = 'GET', url = '/version', body = None
headers = {'User-Agent': 'docker-sdk-python/4.3.1', 'Accept-Encoding': 'gzip, deflate', 'Accept': '*/*', 'Connection': 'keep-alive'}
encode_chunked = False

    def _send_request(self, method, url, body, headers, encode_chunked):
        # Honor explicitly requested Host: and Accept-Encoding: headers.
        header_names = frozenset(k.lower() for k in headers)
        skips = {}
        if 'host' in header_names:
            skips['skip_host'] = 1
        if 'accept-encoding' in header_names:
            skips['skip_accept_encoding'] = 1
    
        self.putrequest(method, url, **skips)
    
        # chunked encoding will happen if HTTP/1.1 is used and either
        # the caller passes encode_chunked=True or the following
        # conditions hold:
        # 1. content-length has not been explicitly set
        # 2. the body is a file or iterable, but not a str or bytes-like
        # 3. Transfer-Encoding has NOT been explicitly set by the caller
    
        if 'content-length' not in header_names:
            # only chunk body if not explicitly set for backwards
            # compatibility, assuming the client code is already handling the
            # chunking
            if 'transfer-encoding' not in header_names:
                # if content-length cannot be automatically determined, fall
                # back to chunked encoding
                encode_chunked = False
                content_length = self._get_content_length(body, method)
                if content_length is None:
                    if body is not None:
                        if self.debuglevel > 0:
                            print('Unable to determine size of %r' % body)
                        encode_chunked = True
                        self.putheader('Transfer-Encoding', 'chunked')
                else:
                    self.putheader('Content-Length', str(content_length))
        else:
            encode_chunked = False
    
        for hdr, value in headers.items():
            self.putheader(hdr, value)
        if isinstance(body, str):
            # RFC 2616 Section 3.7.1 says that text default has a
            # default charset of iso-8859-1.
            body = _encode(body, 'body')
>       self.endheaders(body, encode_chunked=encode_chunked)

/home/siddhesh/miniconda3/envs/gandlf/lib/python3.8/http/client.py:1302: 
_ _ _ _ _ _ _ _ _ _ _ _ _ _ _ _ _ _ _ _ _ _ _ _ _ _ _ _ _ _ _ _ _ _ _ _ _ _ _ _ 

self = <docker.transport.unixconn.UnixHTTPConnection object at 0x7f6b78df4160>
message_body = None

    def endheaders(self, message_body=None, *, encode_chunked=False):
        """Indicate that the last header line has been sent to the server.
    
        This method sends the request to the server.  The optional message_body
        argument can be used to pass a message body associated with the
        request.
        """
        if self.__state == _CS_REQ_STARTED:
            self.__state = _CS_REQ_SENT
        else:
            raise CannotSendHeader()
>       self._send_output(message_body, encode_chunked=encode_chunked)

/home/siddhesh/miniconda3/envs/gandlf/lib/python3.8/http/client.py:1251: 
_ _ _ _ _ _ _ _ _ _ _ _ _ _ _ _ _ _ _ _ _ _ _ _ _ _ _ _ _ _ _ _ _ _ _ _ _ _ _ _ 

self = <docker.transport.unixconn.UnixHTTPConnection object at 0x7f6b78df4160>
message_body = None, encode_chunked = False

    def _send_output(self, message_body=None, encode_chunked=False):
        """Send the currently buffered request and clear the buffer.
    
        Appends an extra \\r\\n to the buffer.
        A message_body may be specified, to be appended to the request.
        """
        self._buffer.extend((b"", b""))
        msg = b"\r\n".join(self._buffer)
        del self._buffer[:]
>       self.send(msg)

/home/siddhesh/miniconda3/envs/gandlf/lib/python3.8/http/client.py:1011: 
_ _ _ _ _ _ _ _ _ _ _ _ _ _ _ _ _ _ _ _ _ _ _ _ _ _ _ _ _ _ _ _ _ _ _ _ _ _ _ _ 

self = <docker.transport.unixconn.UnixHTTPConnection object at 0x7f6b78df4160>
data = b'GET /version HTTP/1.1\r\nHost: localhost\r\nUser-Agent: docker-sdk-python/4.3.1\r\nAccept-Encoding: gzip, deflate\r\nAccept: */*\r\nConnection: keep-alive\r\n\r\n'

    def send(self, data):
        """Send `data' to the server.
        ``data`` can be a string object, a bytes object, an array object, a
        file-like object that supports a .read() method, or an iterable object.
        """
    
        if self.sock is None:
            if self.auto_open:
>               self.connect()

/home/siddhesh/miniconda3/envs/gandlf/lib/python3.8/http/client.py:951: 
_ _ _ _ _ _ _ _ _ _ _ _ _ _ _ _ _ _ _ _ _ _ _ _ _ _ _ _ _ _ _ _ _ _ _ _ _ _ _ _ 

self = <docker.transport.unixconn.UnixHTTPConnection object at 0x7f6b78df4160>

    def connect(self):
        sock = socket.socket(socket.AF_UNIX, socket.SOCK_STREAM)
        sock.settimeout(self.timeout)
>       sock.connect(self.unix_socket)
E       urllib3.exceptions.ProtocolError: ('Connection aborted.', FileNotFoundError(2, 'No such file or directory'))

/home/siddhesh/miniconda3/envs/gandlf/lib/python3.8/site-packages/docker/transport/unixconn.py:43: ProtocolError

During handling of the above exception, another exception occurred:

self = <docker.api.client.APIClient object at 0x7f6b72f0efd0>

    def _retrieve_server_version(self):
        try:
>           return self.version(api_version=False)["ApiVersion"]

/home/siddhesh/miniconda3/envs/gandlf/lib/python3.8/site-packages/docker/api/client.py:205: 
_ _ _ _ _ _ _ _ _ _ _ _ _ _ _ _ _ _ _ _ _ _ _ _ _ _ _ _ _ _ _ _ _ _ _ _ _ _ _ _ 

self = <docker.api.client.APIClient object at 0x7f6b72f0efd0>
api_version = False

    def version(self, api_version=True):
        """
        Returns version information from the server. Similar to the ``docker
        version`` command.
    
        Returns:
            (dict): The server version information
    
        Raises:
            :py:class:`docker.errors.APIError`
                If the server returns an error.
        """
        url = self._url("/version", versioned_api=api_version)
>       return self._result(self._get(url), json=True)

/home/siddhesh/miniconda3/envs/gandlf/lib/python3.8/site-packages/docker/api/daemon.py:181: 
_ _ _ _ _ _ _ _ _ _ _ _ _ _ _ _ _ _ _ _ _ _ _ _ _ _ _ _ _ _ _ _ _ _ _ _ _ _ _ _ 

self = <docker.api.client.APIClient object at 0x7f6b72f0efd0>
args = ('http+docker://localhost/version',), kwargs = {}

    def inner(self, *args, **kwargs):
        if 'HttpHeaders' in self._general_configs:
            if not kwargs.get('headers'):
                kwargs['headers'] = self._general_configs['HttpHeaders']
            else:
                kwargs['headers'].update(self._general_configs['HttpHeaders'])
>       return f(self, *args, **kwargs)

/home/siddhesh/miniconda3/envs/gandlf/lib/python3.8/site-packages/docker/utils/decorators.py:46: 
_ _ _ _ _ _ _ _ _ _ _ _ _ _ _ _ _ _ _ _ _ _ _ _ _ _ _ _ _ _ _ _ _ _ _ _ _ _ _ _ 

self = <docker.api.client.APIClient object at 0x7f6b72f0efd0>
url = 'http+docker://localhost/version', kwargs = {'timeout': 60}

    @update_headers
    def _get(self, url, **kwargs):
>       return self.get(url, **self._set_request_timeout(kwargs))

/home/siddhesh/miniconda3/envs/gandlf/lib/python3.8/site-packages/docker/api/client.py:228: 
_ _ _ _ _ _ _ _ _ _ _ _ _ _ _ _ _ _ _ _ _ _ _ _ _ _ _ _ _ _ _ _ _ _ _ _ _ _ _ _ 

self = <docker.api.client.APIClient object at 0x7f6b72f0efd0>
url = 'http+docker://localhost/version'
kwargs = {'allow_redirects': True, 'timeout': 60}

    def get(self, url, **kwargs):
        r"""Sends a GET request. Returns :class:`Response` object.
    
        :param url: URL for the new :class:`Request` object.
        :param \*\*kwargs: Optional arguments that ``request`` takes.
        :rtype: requests.Response
        """
    
        kwargs.setdefault("allow_redirects", True)
>       return self.request("GET", url, **kwargs)

/home/siddhesh/miniconda3/envs/gandlf/lib/python3.8/site-packages/requests/sessions.py:600: 
_ _ _ _ _ _ _ _ _ _ _ _ _ _ _ _ _ _ _ _ _ _ _ _ _ _ _ _ _ _ _ _ _ _ _ _ _ _ _ _ 

self = <docker.api.client.APIClient object at 0x7f6b72f0efd0>, method = 'GET'
url = 'http+docker://localhost/version', params = None, data = None
headers = None, cookies = None, files = None, auth = None, timeout = 60
allow_redirects = True, proxies = {}, hooks = None, stream = None, verify = None
cert = None, json = None

    def request(
        self,
        method,
        url,
        params=None,
        data=None,
        headers=None,
        cookies=None,
        files=None,
        auth=None,
        timeout=None,
        allow_redirects=True,
        proxies=None,
        hooks=None,
        stream=None,
        verify=None,
        cert=None,
        json=None,
    ):
        """Constructs a :class:`Request <Request>`, prepares it and sends it.
        Returns :class:`Response <Response>` object.
    
        :param method: method for the new :class:`Request` object.
        :param url: URL for the new :class:`Request` object.
        :param params: (optional) Dictionary or bytes to be sent in the query
            string for the :class:`Request`.
        :param data: (optional) Dictionary, list of tuples, bytes, or file-like
            object to send in the body of the :class:`Request`.
        :param json: (optional) json to send in the body of the
            :class:`Request`.
        :param headers: (optional) Dictionary of HTTP Headers to send with the
            :class:`Request`.
        :param cookies: (optional) Dict or CookieJar object to send with the
            :class:`Request`.
        :param files: (optional) Dictionary of ``'filename': file-like-objects``
            for multipart encoding upload.
        :param auth: (optional) Auth tuple or callable to enable
            Basic/Digest/Custom HTTP Auth.
        :param timeout: (optional) How long to wait for the server to send
            data before giving up, as a float, or a :ref:`(connect timeout,
            read timeout) <timeouts>` tuple.
        :type timeout: float or tuple
        :param allow_redirects: (optional) Set to True by default.
        :type allow_redirects: bool
        :param proxies: (optional) Dictionary mapping protocol or protocol and
            hostname to the URL of the proxy.
        :param stream: (optional) whether to immediately download the response
            content. Defaults to ``False``.
        :param verify: (optional) Either a boolean, in which case it controls whether we verify
            the server's TLS certificate, or a string, in which case it must be a path
            to a CA bundle to use. Defaults to ``True``. When set to
            ``False``, requests will accept any TLS certificate presented by
            the server, and will ignore hostname mismatches and/or expired
            certificates, which will make your application vulnerable to
            man-in-the-middle (MitM) attacks. Setting verify to ``False``
            may be useful during local development or testing.
        :param cert: (optional) if String, path to ssl client cert file (.pem).
            If Tuple, ('cert', 'key') pair.
        :rtype: requests.Response
        """
        # Create the Request.
        req = Request(
            method=method.upper(),
            url=url,
            headers=headers,
            files=files,
            data=data or {},
            json=json,
            params=params or {},
            auth=auth,
            cookies=cookies,
            hooks=hooks,
        )
        prep = self.prepare_request(req)
    
        proxies = proxies or {}
    
        settings = self.merge_environment_settings(
            prep.url, proxies, stream, verify, cert
        )
    
        # Send the request.
        send_kwargs = {
            "timeout": timeout,
            "allow_redirects": allow_redirects,
        }
        send_kwargs.update(settings)
>       resp = self.send(prep, **send_kwargs)

/home/siddhesh/miniconda3/envs/gandlf/lib/python3.8/site-packages/requests/sessions.py:587: 
_ _ _ _ _ _ _ _ _ _ _ _ _ _ _ _ _ _ _ _ _ _ _ _ _ _ _ _ _ _ _ _ _ _ _ _ _ _ _ _ 

self = <docker.api.client.APIClient object at 0x7f6b72f0efd0>
request = <PreparedRequest [GET]>
kwargs = {'cert': None, 'proxies': OrderedDict(), 'stream': False, 'timeout': 60, ...}
allow_redirects = True, stream = False, hooks = {'response': []}
adapter = <docker.transport.unixconn.UnixHTTPAdapter object at 0x7f6b622af9a0>
start = 1678307046.021135

    def send(self, request, **kwargs):
        """Send a given PreparedRequest.
    
        :rtype: requests.Response
        """
        # Set defaults that the hooks can utilize to ensure they always have
        # the correct parameters to reproduce the previous request.
        kwargs.setdefault("stream", self.stream)
        kwargs.setdefault("verify", self.verify)
        kwargs.setdefault("cert", self.cert)
        if "proxies" not in kwargs:
            kwargs["proxies"] = resolve_proxies(request, self.proxies, self.trust_env)
    
        # It's possible that users might accidentally send a Request object.
        # Guard against that specific failure case.
        if isinstance(request, Request):
            raise ValueError("You can only send PreparedRequests.")
    
        # Set up variables needed for resolve_redirects and dispatching of hooks
        allow_redirects = kwargs.pop("allow_redirects", True)
        stream = kwargs.get("stream")
        hooks = request.hooks
    
        # Get the appropriate adapter to use
        adapter = self.get_adapter(url=request.url)
    
        # Start time (approximately) of the request
        start = preferred_clock()
    
        # Send the request
>       r = adapter.send(request, **kwargs)

/home/siddhesh/miniconda3/envs/gandlf/lib/python3.8/site-packages/requests/sessions.py:701: 
_ _ _ _ _ _ _ _ _ _ _ _ _ _ _ _ _ _ _ _ _ _ _ _ _ _ _ _ _ _ _ _ _ _ _ _ _ _ _ _ 

self = <docker.transport.unixconn.UnixHTTPAdapter object at 0x7f6b622af9a0>
request = <PreparedRequest [GET]>, stream = False
timeout = Timeout(connect=60, read=60, total=None), verify = True, cert = None
proxies = OrderedDict()

    def send(
        self, request, stream=False, timeout=None, verify=True, cert=None, proxies=None
    ):
        """Sends PreparedRequest object. Returns Response object.
    
        :param request: The :class:`PreparedRequest <PreparedRequest>` being sent.
        :param stream: (optional) Whether to stream the request content.
        :param timeout: (optional) How long to wait for the server to send
            data before giving up, as a float, or a :ref:`(connect timeout,
            read timeout) <timeouts>` tuple.
        :type timeout: float or tuple or urllib3 Timeout object
        :param verify: (optional) Either a boolean, in which case it controls whether
            we verify the server's TLS certificate, or a string, in which case it
            must be a path to a CA bundle to use
        :param cert: (optional) Any user-provided SSL certificate to be trusted.
        :param proxies: (optional) The proxies dictionary to apply to the request.
        :rtype: requests.Response
        """
    
        try:
            conn = self.get_connection(request.url, proxies)
        except LocationValueError as e:
            raise InvalidURL(e, request=request)
    
        self.cert_verify(conn, request.url, verify, cert)
        url = self.request_url(request, proxies)
        self.add_headers(
            request,
            stream=stream,
            timeout=timeout,
            verify=verify,
            cert=cert,
            proxies=proxies,
        )
    
        chunked = not (request.body is None or "Content-Length" in request.headers)
    
        if isinstance(timeout, tuple):
            try:
                connect, read = timeout
                timeout = TimeoutSauce(connect=connect, read=read)
            except ValueError:
                raise ValueError(
                    f"Invalid timeout {timeout}. Pass a (connect, read) timeout tuple, "
                    f"or a single float to set both timeouts to the same value."
                )
        elif isinstance(timeout, TimeoutSauce):
            pass
        else:
            timeout = TimeoutSauce(connect=timeout, read=timeout)
    
        try:
            if not chunked:
                resp = conn.urlopen(
                    method=request.method,
                    url=url,
                    body=request.body,
                    headers=request.headers,
                    redirect=False,
                    assert_same_host=False,
                    preload_content=False,
                    decode_content=False,
                    retries=self.max_retries,
                    timeout=timeout,
                )
    
            # Send the request.
            else:
                if hasattr(conn, "proxy_pool"):
                    conn = conn.proxy_pool
    
                low_conn = conn._get_conn(timeout=DEFAULT_POOL_TIMEOUT)
    
                try:
                    skip_host = "Host" in request.headers
                    low_conn.putrequest(
                        request.method,
                        url,
                        skip_accept_encoding=True,
                        skip_host=skip_host,
                    )
    
                    for header, value in request.headers.items():
                        low_conn.putheader(header, value)
    
                    low_conn.endheaders()
    
                    for i in request.body:
                        low_conn.send(hex(len(i))[2:].encode("utf-8"))
                        low_conn.send(b"\r\n")
                        low_conn.send(i)
                        low_conn.send(b"\r\n")
                    low_conn.send(b"0\r\n\r\n")
    
                    # Receive the response from the server
                    r = low_conn.getresponse()
    
                    resp = HTTPResponse.from_httplib(
                        r,
                        pool=conn,
                        connection=low_conn,
                        preload_content=False,
                        decode_content=False,
                    )
                except Exception:
                    # If we hit any problems here, clean up the connection.
                    # Then, raise so that we can handle the actual exception.
                    low_conn.close()
                    raise
    
        except (ProtocolError, OSError) as err:
>           raise ConnectionError(err, request=request)
E           requests.exceptions.ConnectionError: ('Connection aborted.', FileNotFoundError(2, 'No such file or directory'))

/home/siddhesh/miniconda3/envs/gandlf/lib/python3.8/site-packages/requests/adapters.py:547: ConnectionError

During handling of the above exception, another exception occurred:

    def test_generic_deploy_docker():
        print("46: Testing deployment of a model to Docker")
        # Train, then try deploying that model (requires an installed Docker engine)
    
        deploymentOutputDir = os.path.join(outputDir, "mlcube")
        # read and parse csv
        parameters = parseConfig(
            testingDir + "/config_segmentation.yaml", version_check_flag=False
        )
        training_data, parameters["headers"] = parseTrainingCSV(
            inputDir + "/train_2d_rad_segmentation.csv"
        )
    
        parameters["modality"] = "rad"
        parameters["patch_size"] = patch_size["2D"]
        parameters["model"]["dimension"] = 2
        parameters["model"]["class_list"] = [0, 255]
        parameters["model"]["amp"] = True
        parameters["model"]["num_channels"] = 3
        parameters["model"]["onnx_export"] = False
        parameters["model"]["print_summary"] = False
        parameters["data_preprocessing"]["resize_image"] = [224, 224]
    
        parameters = populate_header_in_parameters(parameters, parameters["headers"])
        sanitize_outputDir()
        TrainingManager(
            dataframe=training_data,
            outputDir=outputDir,
            parameters=parameters,
            device=device,
            resume=False,
            reset=True,
        )
    
>       result = run_deployment(
            outputDir,
            testingDir + "/config_segmentation.yaml",
            "docker",
            deploymentOutputDir,
            os.path.join(gandlfRootDir, "mlcube"),
            requires_gpu=True,
        )

testing/test_full.py:2899: 
_ _ _ _ _ _ _ _ _ _ _ _ _ _ _ _ _ _ _ _ _ _ _ _ _ _ _ _ _ _ _ _ _ _ _ _ _ _ _ _ 
GANDLF/cli/deploy.py:51: in run_deployment
    result = deploy_docker_mlcube(
GANDLF/cli/deploy.py:70: in deploy_docker_mlcube
    docker_client = docker.from_env()
/home/siddhesh/miniconda3/envs/gandlf/lib/python3.8/site-packages/docker/client.py:84: in from_env
    return cls(
/home/siddhesh/miniconda3/envs/gandlf/lib/python3.8/site-packages/docker/client.py:40: in __init__
    self.api = APIClient(*args, **kwargs)
/home/siddhesh/miniconda3/envs/gandlf/lib/python3.8/site-packages/docker/api/client.py:188: in __init__
    self._version = self._retrieve_server_version()
_ _ _ _ _ _ _ _ _ _ _ _ _ _ _ _ _ _ _ _ _ _ _ _ _ _ _ _ _ _ _ _ _ _ _ _ _ _ _ _ 

self = <docker.api.client.APIClient object at 0x7f6b72f0efd0>

    def _retrieve_server_version(self):
        try:
            return self.version(api_version=False)["ApiVersion"]
        except KeyError:
            raise DockerException(
                'Invalid response from docker daemon: key "ApiVersion"'
                ' is missing.'
            )
        except Exception as e:
>           raise DockerException(
                'Error while fetching server API version: {0}'.format(e)
            )
E           docker.errors.DockerException: Error while fetching server API version: ('Connection aborted.', FileNotFoundError(2, 'No such file or directory'))

/home/siddhesh/miniconda3/envs/gandlf/lib/python3.8/site-packages/docker/api/client.py:212: DockerException
----------------------------- Captured stdout call -----------------------------
46: Testing deployment of a model to Docker
WARNING: Initializing 'q_verbose' as False
WARNING: Initializing 'medcam_enabled' as False
WARNING: Initializing 'save_training' as False
WARNING: Initializing 'save_output' as False
WARNING: Initializing 'in_memory' as False
WARNING: Initializing 'pin_memory_dataloader' as False
WARNING: Initializing 'enable_padding' as False
WARNING: Initializing 'scaling_factor' as 1
WARNING: Initializing 'clip_grad' as None
WARNING: Initializing 'track_memory_usage' as False
WARNING: Initializing 'print_rgb_label_warning' as True
WARNING: Initializing 'grid_aggregator_overlap' as crop
WARNING: Initializing 'patch_sampler' as uniform
WARNING: Initializing 'clip_mode' as None
WARNING: Setting default step_size to: 0.0002
02_1: Sanitizing outputDir
Number of channels :  3
Checking consistency of images in subject '10'
[...]
  /home/siddhesh/miniconda3/envs/gandlf/lib/python3.8/site-packages/timm/data/auto_augment.py:41: DeprecationWarning: BICUBIC is deprecated and will be removed in Pillow 10 (2023-07-01). Use Resampling.BICUBIC instead.
    _RANDOM_INTERPOLATION = (Image.BILINEAR, Image.BICUBIC)

/home/siddhesh/miniconda3/envs/gandlf/lib/python3.8/site-packages/timm/data/transforms.py:34
  /home/siddhesh/miniconda3/envs/gandlf/lib/python3.8/site-packages/timm/data/transforms.py:34: DeprecationWarning: NEAREST is deprecated and will be removed in Pillow 10 (2023-07-01). Use Resampling.NEAREST or Dither.NONE instead.
    Image.NEAREST: 'PIL.Image.NEAREST',

/home/siddhesh/miniconda3/envs/gandlf/lib/python3.8/site-packages/timm/data/transforms.py:35
  /home/siddhesh/miniconda3/envs/gandlf/lib/python3.8/site-packages/timm/data/transforms.py:35: DeprecationWarning: BILINEAR is deprecated and will be removed in Pillow 10 (2023-07-01). Use Resampling.BILINEAR instead.
    Image.BILINEAR: 'PIL.Image.BILINEAR',

/home/siddhesh/miniconda3/envs/gandlf/lib/python3.8/site-packages/timm/data/transforms.py:36
  /home/siddhesh/miniconda3/envs/gandlf/lib/python3.8/site-packages/timm/data/transforms.py:36: DeprecationWarning: BICUBIC is deprecated and will be removed in Pillow 10 (2023-07-01). Use Resampling.BICUBIC instead.
    Image.BICUBIC: 'PIL.Image.BICUBIC',

/home/siddhesh/miniconda3/envs/gandlf/lib/python3.8/site-packages/timm/data/transforms.py:37
  /home/siddhesh/miniconda3/envs/gandlf/lib/python3.8/site-packages/timm/data/transforms.py:37: DeprecationWarning: LANCZOS is deprecated and will be removed in Pillow 10 (2023-07-01). Use Resampling.LANCZOS instead.
    Image.LANCZOS: 'PIL.Image.LANCZOS',

/home/siddhesh/miniconda3/envs/gandlf/lib/python3.8/site-packages/timm/data/transforms.py:38
  /home/siddhesh/miniconda3/envs/gandlf/lib/python3.8/site-packages/timm/data/transforms.py:38: DeprecationWarning: HAMMING is deprecated and will be removed in Pillow 10 (2023-07-01). Use Resampling.HAMMING instead.
    Image.HAMMING: 'PIL.Image.HAMMING',

/home/siddhesh/miniconda3/envs/gandlf/lib/python3.8/site-packages/timm/data/transforms.py:39
  /home/siddhesh/miniconda3/envs/gandlf/lib/python3.8/site-packages/timm/data/transforms.py:39: DeprecationWarning: BOX is deprecated and will be removed in Pillow 10 (2023-07-01). Use Resampling.BOX instead.
    Image.BOX: 'PIL.Image.BOX',

/home/siddhesh/miniconda3/envs/gandlf/lib/python3.8/site-packages/timm/data/transforms.py:55
  /home/siddhesh/miniconda3/envs/gandlf/lib/python3.8/site-packages/timm/data/transforms.py:55: DeprecationWarning: BILINEAR is deprecated and will be removed in Pillow 10 (2023-07-01). Use Resampling.BILINEAR instead.
    _RANDOM_INTERPOLATION = (Image.BILINEAR, Image.BICUBIC)

/home/siddhesh/miniconda3/envs/gandlf/lib/python3.8/site-packages/timm/data/transforms.py:55
  /home/siddhesh/miniconda3/envs/gandlf/lib/python3.8/site-packages/timm/data/transforms.py:55: DeprecationWarning: BICUBIC is deprecated and will be removed in Pillow 10 (2023-07-01). Use Resampling.BICUBIC instead.
    _RANDOM_INTERPOLATION = (Image.BILINEAR, Image.BICUBIC)

/home/siddhesh/miniconda3/envs/gandlf/lib/python3.8/site-packages/pretrainedmodels/datasets/utils.py:33
  /home/siddhesh/miniconda3/envs/gandlf/lib/python3.8/site-packages/pretrainedmodels/datasets/utils.py:33: DeprecationWarning: BILINEAR is deprecated and will be removed in Pillow 10 (2023-07-01). Use Resampling.BILINEAR instead.
    def __init__(self, size, interpolation=Image.BILINEAR):

testing/test_full.py: 810 tests with warnings
  /home/siddhesh/miniconda3/envs/gandlf/lib/python3.8/site-packages/SimpleITK/extra.py:212: DeprecationWarning: Converting `np.character` to a dtype is deprecated. The current result is `np.dtype(np.str_)` which is not strictly correct. Note that `np.character` is generally deprecated and 'S1' should be used.
    _np_sitk = {np.dtype(np.character): sitkVectorUInt8,

testing/test_full.py: 62 tests with warnings
  /home/siddhesh/miniconda3/envs/gandlf/lib/python3.8/site-packages/torchio/data/image.py:131: UserWarning: Not specifying the image type is deprecated and will be mandatory in the future. You can probably use tio.ScalarImage or tio.LabelMap instead
    warnings.warn(

testing/test_full.py: 11 tests with warnings
  /home/siddhesh/miniconda3/envs/gandlf/lib/python3.8/site-packages/segmentation_models_pytorch/base/modules.py:116: UserWarning: Implicit dimension choice for softmax has been deprecated. Change the call to include dim=X as an argument.
    return self.activation(x)

testing/test_full.py: 46 tests with warnings
  /home/siddhesh/miniconda3/envs/gandlf/lib/python3.8/site-packages/torchmetrics/utilities/prints.py:36: UserWarning: Metric `SpearmanCorrcoef` will save all targets and predictions in the buffer. For large datasets, this may lead to large memory footprint.
    warnings.warn(*args, **kwargs)

testing/test_full.py::test_train_regression_brainage_rad_2d
  /home/siddhesh/miniconda3/envs/gandlf/lib/python3.8/site-packages/torch/nn/functional.py:1320: UserWarning: dropout2d: Received a 2-D input to dropout2d, which is deprecated and will result in an error in a future release. To retain the behavior and silence this warning, please use dropout instead. Note that dropout2d exists to provide channel-wise dropout on inputs with 2 spatial dimensions, a channel dimension, and an optional batch dimension (i.e. 3D or 4D inputs).
    warnings.warn(warn_msg)

testing/test_full.py: 146 tests with warnings
  /home/siddhesh/miniconda3/envs/gandlf/lib/python3.8/site-packages/torchmetrics/utilities/prints.py:36: UserWarning: Metric `AUC` will save all targets and predictions in buffer. For large datasets this may lead to large memory footprint.
    warnings.warn(*args, **kwargs)

testing/test_full.py: 445 tests with warnings
  /home/siddhesh/miniconda3/envs/gandlf/lib/python3.8/site-packages/sklearn/metrics/_classification.py:1854: UserWarning: y_pred contains classes not in y_true
    warnings.warn('y_pred contains classes not in y_true')

testing/test_full.py::test_train_inference_optimize_classification_rad_3d
  /home/siddhesh/miniconda3/envs/gandlf/lib/python3.8/site-packages/openvino/runtime/utils/types.py:24: DeprecationWarning: `np.bool` is a deprecated alias for the builtin `bool`. To silence this warning, use `bool` by itself. Doing this will not modify any behavior and is safe. If you specifically wanted the numpy scalar type, use `np.bool_` here.
  Deprecated in NumPy 1.20; for more details and guidance: https://numpy.org/devdocs/release/1.20.0-notes.html#deprecations
    (Type.boolean, np.bool),

testing/test_full.py::test_train_inference_optimize_classification_rad_3d
  /home/siddhesh/miniconda3/envs/gandlf/lib/python3.8/site-packages/openvino/runtime/utils/types.py:40: DeprecationWarning: `np.bool` is a deprecated alias for the builtin `bool`. To silence this warning, use `bool` by itself. Doing this will not modify any behavior and is safe. If you specifically wanted the numpy scalar type, use `np.bool_` here.
  Deprecated in NumPy 1.20; for more details and guidance: https://numpy.org/devdocs/release/1.20.0-notes.html#deprecations
    ("boolean", np.bool),

testing/test_full.py: 230 tests with warnings
  /home/siddhesh/miniconda3/envs/gandlf/lib/python3.8/site-packages/SimpleITK/extra.py:183: DeprecationWarning: Converting `np.character` to a dtype is deprecated. The current result is `np.dtype(np.str_)` which is not strictly correct. Note that `np.character` is generally deprecated and 'S1' should be used.
    _np_sitk = {np.dtype(np.character): sitkUInt8,

testing/test_full.py: 1896 tests with warnings
  /home/siddhesh/Work/Projects/gandlf_personal/geeks_sid/GaNDLF/GANDLF/metrics/segmentation.py:96: DeprecationWarning: `np.bool` is a deprecated alias for the builtin `bool`. To silence this warning, use `bool` by itself. Doing this will not modify any behavior and is safe. If you specifically wanted the numpy scalar type, use `np.bool_` here.
  Deprecated in NumPy 1.20; for more details and guidance: https://numpy.org/devdocs/release/1.20.0-notes.html#deprecations
    result = np.atleast_1d(result.astype(np.bool))

testing/test_full.py: 1896 tests with warnings
  /home/siddhesh/Work/Projects/gandlf_personal/geeks_sid/GaNDLF/GANDLF/metrics/segmentation.py:97: DeprecationWarning: `np.bool` is a deprecated alias for the builtin `bool`. To silence this warning, use `bool` by itself. Doing this will not modify any behavior and is safe. If you specifically wanted the numpy scalar type, use `np.bool_` here.
  Deprecated in NumPy 1.20; for more details and guidance: https://numpy.org/devdocs/release/1.20.0-notes.html#deprecations
    reference = np.atleast_1d(reference.astype(np.bool))

testing/test_full.py::test_generic_anonymizer
  /home/siddhesh/miniconda3/envs/gandlf/lib/python3.8/site-packages/pydicom/valuerep.py:290: UserWarning: Invalid value for VR UI: '0.2.8.9.4.1.3862.0.4.9.0.6.00834914762699.6728'. Please see <https://dicom.nema.org/medical/dicom/current/output/html/part05.html#table_6.2-1> for allowed values for each VR.
    warnings.warn(msg)

-- Docs: https://docs.pytest.org/en/latest/warnings.html

---------- coverage: platform linux, python 3.8.16-final-0 -----------
Name                                                                                           Stmts   Miss  Cover
------------------------------------------------------------------------------------------------------------------
/home/siddhesh/miniconda3/envs/gandlf/lib/python3.8/site-packages/coverage/__init__.py            14     14     0%
/home/siddhesh/miniconda3/envs/gandlf/lib/python3.8/site-packages/coverage/__main__.py             4      4     0%
/home/siddhesh/miniconda3/envs/gandlf/lib/python3.8/site-packages/coverage/annotate.py            55     55     0%
/home/siddhesh/miniconda3/envs/gandlf/lib/python3.8/site-packages/coverage/bytecode.py            10     10     0%
/home/siddhesh/miniconda3/envs/gandlf/lib/python3.8/site-packages/coverage/cmdline.py            320    320     0%
/home/siddhesh/miniconda3/envs/gandlf/lib/python3.8/site-packages/coverage/collector.py          243    237     2%
/home/siddhesh/miniconda3/envs/gandlf/lib/python3.8/site-packages/coverage/config.py             264    264     0%
/home/siddhesh/miniconda3/envs/gandlf/lib/python3.8/site-packages/coverage/context.py             35     35     0%
/home/siddhesh/miniconda3/envs/gandlf/lib/python3.8/site-packages/coverage/control.py            419    411     2%
/home/siddhesh/miniconda3/envs/gandlf/lib/python3.8/site-packages/coverage/data.py                82     82     0%
/home/siddhesh/miniconda3/envs/gandlf/lib/python3.8/site-packages/coverage/debug.py              236    234     1%
/home/siddhesh/miniconda3/envs/gandlf/lib/python3.8/site-packages/coverage/disposition.py         23     23     0%
/home/siddhesh/miniconda3/envs/gandlf/lib/python3.8/site-packages/coverage/env.py                 54     54     0%
/home/siddhesh/miniconda3/envs/gandlf/lib/python3.8/site-packages/coverage/exceptions.py          25     25     0%
/home/siddhesh/miniconda3/envs/gandlf/lib/python3.8/site-packages/coverage/execfile.py           166    166     0%
/home/siddhesh/miniconda3/envs/gandlf/lib/python3.8/site-packages/coverage/files.py              206    206     0%
/home/siddhesh/miniconda3/envs/gandlf/lib/python3.8/site-packages/coverage/html.py               281    281     0%
/home/siddhesh/miniconda3/envs/gandlf/lib/python3.8/site-packages/coverage/inorout.py            333    333     0%
/home/siddhesh/miniconda3/envs/gandlf/lib/python3.8/site-packages/coverage/jsonreport.py          38     38     0%
/home/siddhesh/miniconda3/envs/gandlf/lib/python3.8/site-packages/coverage/lcovreport.py          48     48     0%
/home/siddhesh/miniconda3/envs/gandlf/lib/python3.8/site-packages/coverage/misc.py               196    196     0%
/home/siddhesh/miniconda3/envs/gandlf/lib/python3.8/site-packages/coverage/multiproc.py           58     58     0%
/home/siddhesh/miniconda3/envs/gandlf/lib/python3.8/site-packages/coverage/numbits.py             50     50     0%
/home/siddhesh/miniconda3/envs/gandlf/lib/python3.8/site-packages/coverage/parser.py             768    768     0%
/home/siddhesh/miniconda3/envs/gandlf/lib/python3.8/site-packages/coverage/phystokens.py         111    111     0%
/home/siddhesh/miniconda3/envs/gandlf/lib/python3.8/site-packages/coverage/plugin.py              63     63     0%
/home/siddhesh/miniconda3/envs/gandlf/lib/python3.8/site-packages/coverage/plugin_support.py     168    168     0%
/home/siddhesh/miniconda3/envs/gandlf/lib/python3.8/site-packages/coverage/python.py             138    138     0%
/home/siddhesh/miniconda3/envs/gandlf/lib/python3.8/site-packages/coverage/pytracer.py           138    138     0%
/home/siddhesh/miniconda3/envs/gandlf/lib/python3.8/site-packages/coverage/report.py              49     49     0%
/home/siddhesh/miniconda3/envs/gandlf/lib/python3.8/site-packages/coverage/results.py            187    187     0%
/home/siddhesh/miniconda3/envs/gandlf/lib/python3.8/site-packages/coverage/sqldata.py            524    524     0%
/home/siddhesh/miniconda3/envs/gandlf/lib/python3.8/site-packages/coverage/summary.py             99     99     0%
/home/siddhesh/miniconda3/envs/gandlf/lib/python3.8/site-packages/coverage/templite.py           148    148     0%
/home/siddhesh/miniconda3/envs/gandlf/lib/python3.8/site-packages/coverage/tomlconfig.py         111    111     0%
/home/siddhesh/miniconda3/envs/gandlf/lib/python3.8/site-packages/coverage/version.py             16     16     0%
/home/siddhesh/miniconda3/envs/gandlf/lib/python3.8/site-packages/coverage/xmlreport.py          146    146     0%
------------------------------------------------------------------------------------------------------------------
TOTAL                                                                                           5826   5810     1%

=========================== short test summary info ============================
FAILED testing/test_full.py::test_train_inference_segmentation_histology_2d
FAILED testing/test_full.py::test_train_inference_classification_histology_large_2d
FAILED testing/test_full.py::test_train_inference_classification_histology_2d
FAILED testing/test_full.py::test_generic_deploy_docker - docker.errors.Docke...
=========== 4 failed, 42 passed, 5570 warnings in 837.45s (0:13:57) ============
============================= test session starts ==============================
platform linux -- Python 3.8.16, pytest-5.4.2, py-1.11.0, pluggy-0.13.1
rootdir: /home/siddhesh/Work/Projects/gandlf_personal/geeks_sid/GaNDLF
plugins: anyio-3.6.2, cov-2.12.1, mock-1.13.0
collected 0 items / 1 error

==================================== ERRORS ====================================
____________________ ERROR collecting testing/test_full.py _____________________
testing/test_full.py:22: in <module>
    from GANDLF.cli import (
GANDLF/cli/__init__.py:1: in <module>
    from .patch_extraction import patch_extraction
GANDLF/cli/patch_extraction.py:7: in <module>
    from GANDLF.data.patch_miner.opm.patch_manager import PatchManager
GANDLF/data/__init__.py:3: in <module>
    from .ImagesFromDataFrame import ImagesFromDataFrame
GANDLF/data/ImagesFromDataFrame.py:5: in <module>
    import torchio
/home/siddhesh/miniconda3/envs/gandlf/lib/python3.8/site-packages/torchio/__init__.py:8: in <module>
    from . import utils
/home/siddhesh/miniconda3/envs/gandlf/lib/python3.8/site-packages/torchio/utils.py:13: in <module>
    import nibabel as nib
/home/siddhesh/miniconda3/envs/gandlf/lib/python3.8/site-packages/nibabel/__init__.py:66: in <module>
    from . import streamlines
/home/siddhesh/miniconda3/envs/gandlf/lib/python3.8/site-packages/nibabel/streamlines/__init__.py:7: in <module>
    from .array_sequence import ArraySequence
<frozen importlib._bootstrap>:991: in _find_and_load
    ???
<frozen importlib._bootstrap>:975: in _find_and_load_unlocked
    ???
<frozen importlib._bootstrap>:671: in _load_unlocked
    ???
<frozen importlib._bootstrap_external>:839: in exec_module
    ???
<frozen importlib._bootstrap_external>:923: in get_code
    ???
<frozen importlib._bootstrap_external>:380: in cache_from_source
    ???
<frozen importlib._bootstrap_external>:129: in _path_split
    ???
<frozen importlib._bootstrap_external>:129: in <genexpr>
    ???
E   KeyboardInterrupt
=============================== warnings summary ===============================
/home/siddhesh/miniconda3/envs/gandlf/lib/python3.8/site-packages/pandas/compat/numpy/__init__.py:10
  /home/siddhesh/miniconda3/envs/gandlf/lib/python3.8/site-packages/pandas/compat/numpy/__init__.py:10: DeprecationWarning: distutils Version classes are deprecated. Use packaging.version instead.
    _nlv = LooseVersion(_np_version)

/home/siddhesh/miniconda3/envs/gandlf/lib/python3.8/site-packages/pandas/compat/numpy/__init__.py:11
  /home/siddhesh/miniconda3/envs/gandlf/lib/python3.8/site-packages/pandas/compat/numpy/__init__.py:11: DeprecationWarning: distutils Version classes are deprecated. Use packaging.version instead.
    _np_version_under1p16 = _nlv < LooseVersion("1.16")

/home/siddhesh/miniconda3/envs/gandlf/lib/python3.8/site-packages/pandas/compat/numpy/__init__.py:12
  /home/siddhesh/miniconda3/envs/gandlf/lib/python3.8/site-packages/pandas/compat/numpy/__init__.py:12: DeprecationWarning: distutils Version classes are deprecated. Use packaging.version instead.
    _np_version_under1p17 = _nlv < LooseVersion("1.17")

/home/siddhesh/miniconda3/envs/gandlf/lib/python3.8/site-packages/pandas/compat/numpy/__init__.py:13
  /home/siddhesh/miniconda3/envs/gandlf/lib/python3.8/site-packages/pandas/compat/numpy/__init__.py:13: DeprecationWarning: distutils Version classes are deprecated. Use packaging.version instead.
    _np_version_under1p18 = _nlv < LooseVersion("1.18")

/home/siddhesh/miniconda3/envs/gandlf/lib/python3.8/site-packages/pandas/compat/numpy/__init__.py:14
  /home/siddhesh/miniconda3/envs/gandlf/lib/python3.8/site-packages/pandas/compat/numpy/__init__.py:14: DeprecationWarning: distutils Version classes are deprecated. Use packaging.version instead.
    _np_version_under1p19 = _nlv < LooseVersion("1.19")

/home/siddhesh/miniconda3/envs/gandlf/lib/python3.8/site-packages/pandas/compat/numpy/__init__.py:15
  /home/siddhesh/miniconda3/envs/gandlf/lib/python3.8/site-packages/pandas/compat/numpy/__init__.py:15: DeprecationWarning: distutils Version classes are deprecated. Use packaging.version instead.
    _np_version_under1p20 = _nlv < LooseVersion("1.20")

/home/siddhesh/miniconda3/envs/gandlf/lib/python3.8/site-packages/setuptools/_distutils/version.py:346
  /home/siddhesh/miniconda3/envs/gandlf/lib/python3.8/site-packages/setuptools/_distutils/version.py:346: DeprecationWarning: distutils Version classes are deprecated. Use packaging.version instead.
    other = LooseVersion(other)

/home/siddhesh/miniconda3/envs/gandlf/lib/python3.8/site-packages/pandas/compat/numpy/function.py:125
/home/siddhesh/miniconda3/envs/gandlf/lib/python3.8/site-packages/pandas/compat/numpy/function.py:125
  /home/siddhesh/miniconda3/envs/gandlf/lib/python3.8/site-packages/pandas/compat/numpy/function.py:125: DeprecationWarning: distutils Version classes are deprecated. Use packaging.version instead.
    if LooseVersion(_np_version) >= LooseVersion("1.17.0"):

-- Docs: https://docs.pytest.org/en/latest/warnings.html
=========================== short test summary info ============================
ERROR testing/test_full.py - KeyboardInterrupt
!!!!!!!!!!!!!!!!!!!!!!!!!!!!!! KeyboardInterrupt !!!!!!!!!!!!!!!!!!!!!!!!!!!!!!!
/home/siddhesh/miniconda3/envs/gandlf/lib/python3.8/site-packages/coverage/phystokens.py:211: KeyboardInterrupt
(to show a full traceback on KeyboardInterrupt use --full-trace)
========================= 9 warnings, 1 error in 1.75s =========================
